#
# There is insufficient memory for the Java Runtime Environment to continue.
# Native memory allocation (mmap) failed to map 117440512 bytes for Failed to commit area from 0x0000000091800000 to 0x0000000098800000 of length 117440512.
# Possible reasons:
#   The system is out of physical RAM or swap space
#   The process is running with CompressedOops enabled, and the Java Heap may be blocking the growth of the native heap
# Possible solutions:
#   Reduce memory load on the system
#   Increase physical memory or swap space
#   Check if swap backing store is full
#   Decrease Java heap size (-Xmx/-Xms)
#   Decrease number of Java threads
#   Decrease Java thread stack sizes (-Xss)
#   Set larger code cache with -XX:ReservedCodeCacheSize=
# This output file may be truncated or incomplete.
#
#  Out of Memory Error (t:/workspace/open/src/hotspot/os/windows/os_windows.cpp:3269), pid=9052, tid=3728
#
# JRE version:  (11.0.2+9) (build )
# Java VM: Java HotSpot(TM) 64-Bit Server VM (11.0.2+9-LTS, mixed mode, aot, sharing, tiered, compressed oops, g1 gc, windows-amd64)
# No core dump will be written. Minidumps are not enabled by default on client versions of Windows
#

---------------  S U M M A R Y ------------

Command Line: -agentlib:jdwp=transport=dt_socket,suspend=y,address=localhost:51304 -javaagent:C:\Users\yeuga\eclipse\java-2019-03\eclipse\configuration\org.eclipse.osgi\224\0\.cp\lib\javaagent-shaded.jar -Dfile.encoding=Cp1252 de.ostfalia.gdp.ss19.s6.Aufgabe2Serie6

Host: AMD Ryzen 5 2500U with Radeon Vega Mobile Gfx  , 8 cores, 6G,  Windows 10 , 64 bit Build 17134 (10.0.17134.706)
Time: Mon Apr 22 14:56:27 2019 Mitteleuropäische Sommerzeit elapsed time: 0 seconds (0d 0h 0m 0s)

---------------  T H R E A D  ---------------

Current thread (0x000001f2befa5800):  JavaThread "Unknown thread" [_thread_in_vm, id=3728, stack(0x0000001267800000,0x0000001267900000)]

Stack: [0x0000001267800000,0x0000001267900000]
Native frames: (J=compiled Java code, j=interpreted, Vv=VM code, C=native code)
V  [jvm.dll+0x63574a]
V  [jvm.dll+0x77326f]
V  [jvm.dll+0x77491a]
V  [jvm.dll+0x774fd3]
V  [jvm.dll+0x25e418]
V  [jvm.dll+0x632c0a]
V  [jvm.dll+0x627645]
V  [jvm.dll+0x314e7c]
V  [jvm.dll+0x314d02]
V  [jvm.dll+0x31a576]
V  [jvm.dll+0x36635f]
V  [jvm.dll+0x365d80]
V  [jvm.dll+0x2f19f8]
V  [jvm.dll+0x2f2b56]
V  [jvm.dll+0x74c817]
V  [jvm.dll+0x74df5f]
V  [jvm.dll+0x373179]
V  [jvm.dll+0x732eb9]
V  [jvm.dll+0x3e295d]
V  [jvm.dll+0x3e4c61]
C  [javaw.exe+0x3617]
C  [javaw.exe+0x17e2c]
C  [KERNEL32.DLL+0x14034]
C  [ntdll.dll+0x73691]


---------------  P R O C E S S  ---------------

Threads class SMR info:
_java_thread_list=0x000001f2bcde5080, length=0, elements={
}

Java Threads: ( => current thread )

Other Threads:
  0x000001f2befbb800 GCTaskThread "GC Thread#0" [stack: 0x0000001267900000,0x0000001267a00000] [id=17400]
  0x000001f2befe7800 ConcurrentGCThread "G1 Main Marker" [stack: 0x0000001267a00000,0x0000001267b00000] [id=17388]
  0x000001f2befed000 ConcurrentGCThread "G1 Conc#0" [stack: 0x0000001267b00000,0x0000001267c00000] [id=15772]

[error occurred during error reporting (printing all threads), id 0xc0000005, EXCEPTION_ACCESS_VIOLATION (0xc0000005) at pc=0x00007ffe3ff70197]

VM state:not at safepoint (not fully initialized)

VM Mutex/Monitor currently owned by a thread:  ([mutex/lock_event])
[0x000001f2befa0460] Heap_lock - owner thread: 0x000001f2befa5800

Heap address: 0x0000000091800000, size: 1768 MB, Compressed Oops mode: Non-zero based: 0x0000000091800000
Narrow klass base: 0x0000000000000000, Narrow klass shift: 0

GC Heap History (0 events):
No events

Deoptimization events (0 events):
No events

Classes redefined (0 events):
No events

Internal exceptions (0 events):
No events

Events (0 events):
No events


Dynamic libraries:
0x00007ff76bff0000 - 0x00007ff76c037000 	C:\Program Files\Java\jdk-11.0.2\bin\javaw.exe
0x00007ffe787e0000 - 0x00007ffe789c1000 	C:\Windows\SYSTEM32\ntdll.dll
0x00007ffe77a40000 - 0x00007ffe77af1000 	C:\Windows\System32\KERNEL32.DLL
0x00007ffe750f0000 - 0x00007ffe75363000 	C:\Windows\System32\KERNELBASE.dll
0x00007ffe77e70000 - 0x00007ffe77f11000 	C:\Windows\System32\ADVAPI32.dll
0x00007ffe770e0000 - 0x00007ffe7717e000 	C:\Windows\System32\msvcrt.dll
0x00007ffe78730000 - 0x00007ffe7878b000 	C:\Windows\System32\sechost.dll
0x00007ffe77d30000 - 0x00007ffe77e54000 	C:\Windows\System32\RPCRT4.dll
0x00007ffe778b0000 - 0x00007ffe77a40000 	C:\Windows\System32\USER32.dll
0x00007ffe74f20000 - 0x00007ffe74f40000 	C:\Windows\System32\win32u.dll
0x00007ffe770b0000 - 0x00007ffe770d8000 	C:\Windows\System32\GDI32.dll
0x00007ffe74bb0000 - 0x00007ffe74d42000 	C:\Windows\System32\gdi32full.dll
0x00007ffe74d50000 - 0x00007ffe74def000 	C:\Windows\System32\msvcp_win.dll
0x00007ffe74ff0000 - 0x00007ffe750e8000 	C:\Windows\System32\ucrtbase.dll
0x00007ffe60c40000 - 0x00007ffe60ea9000 	C:\Windows\WinSxS\amd64_microsoft.windows.common-controls_6595b64144ccf1df_6.0.17134.706_none_fb43a2cb30647007\COMCTL32.dll
0x00007ffe78330000 - 0x00007ffe78652000 	C:\Windows\System32\combase.dll
0x00007ffe74df0000 - 0x00007ffe74e6a000 	C:\Windows\System32\bcryptPrimitives.dll
0x00007ffe6ffc0000 - 0x00007ffe6ffca000 	C:\Windows\SYSTEM32\VERSION.dll
0x00007ffe782a0000 - 0x00007ffe782cd000 	C:\Windows\System32\IMM32.DLL
0x00007ffe717e0000 - 0x00007ffe717f6000 	C:\Program Files\Java\jdk-11.0.2\bin\vcruntime140.dll
0x00007ffe49110000 - 0x00007ffe491ba000 	C:\Program Files\Java\jdk-11.0.2\bin\msvcp140.dll
0x00007ffe3fc70000 - 0x00007ffe40797000 	C:\Program Files\Java\jdk-11.0.2\bin\server\jvm.dll
0x00007ffe78720000 - 0x00007ffe78728000 	C:\Windows\System32\PSAPI.DLL
0x00007ffe60680000 - 0x00007ffe60689000 	C:\Windows\SYSTEM32\WSOCK32.dll
0x00007ffe77f20000 - 0x00007ffe77f8c000 	C:\Windows\System32\WS2_32.dll
0x00007ffe71990000 - 0x00007ffe719b3000 	C:\Windows\SYSTEM32\WINMM.dll
0x00007ffe71960000 - 0x00007ffe7198a000 	C:\Windows\SYSTEM32\WINMMBASE.dll
0x00007ffe74fa0000 - 0x00007ffe74fe9000 	C:\Windows\System32\cfgmgr32.dll
0x00007ffe74b90000 - 0x00007ffe74ba1000 	C:\Windows\System32\kernel.appcore.dll
0x00007ffe6e120000 - 0x00007ffe6e131000 	C:\Program Files\Java\jdk-11.0.2\bin\verify.dll
0x00007ffe6e980000 - 0x00007ffe6eb49000 	C:\Windows\SYSTEM32\DBGHELP.DLL
0x00007ffe6e830000 - 0x00007ffe6e859000 	C:\Windows\SYSTEM32\dbgcore.DLL
0x00007ffe6bbf0000 - 0x00007ffe6bc19000 	C:\Program Files\Java\jdk-11.0.2\bin\java.dll
0x00007ffe5b2f0000 - 0x00007ffe5b327000 	C:\Program Files\Java\jdk-11.0.2\bin\jdwp.dll
0x00007ffe5b230000 - 0x00007ffe5b25f000 	C:\Program Files\Java\jdk-11.0.2\bin\instrument.dll
0x00007ffe607e0000 - 0x00007ffe607f6000 	C:\Program Files\Java\jdk-11.0.2\bin\zip.dll
0x00007ffe71ea0000 - 0x00007ffe71eaa000 	C:\Program Files\Java\jdk-11.0.2\bin\jimage.dll

dbghelp: loaded successfully - version: 4.0.5 - missing functions: none
symbol engine: initialized successfully - sym options: 0x614 - pdb path: .;C:\Program Files\Java\jdk-11.0.2\bin;C:\Windows\SYSTEM32;C:\Windows\WinSxS\amd64_microsoft.windows.common-controls_6595b64144ccf1df_6.0.17134.706_none_fb43a2cb30647007;C:\Program Files\Java\jdk-11.0.2\bin\server

VM Arguments:
jvm_args: -agentlib:jdwp=transport=dt_socket,suspend=y,address=localhost:51304 -javaagent:C:\Users\yeuga\eclipse\java-2019-03\eclipse\configuration\org.eclipse.osgi\224\0\.cp\lib\javaagent-shaded.jar -Dfile.encoding=Cp1252 
java_command: de.ostfalia.gdp.ss19.s6.Aufgabe2Serie6
java_class_path (initial): D:\eclipse-workspace\GDP2019\bin
Launcher Type: SUN_STANDARD

[Global flags]
     intx CICompilerCount                          = 4                                         {product} {ergonomic}
     uint ConcGCThreads                            = 2                                         {product} {ergonomic}
     uint G1ConcRefinementThreads                  = 8                                         {product} {ergonomic}
   size_t G1HeapRegionSize                         = 1048576                                   {product} {ergonomic}
    uintx GCDrainStackTargetSize                   = 64                                        {product} {ergonomic}
   size_t InitialHeapSize                          = 117440512                                 {product} {ergonomic}
   size_t MarkStackSize                            = 4194304                                   {product} {ergonomic}
   size_t MaxHeapSize                              = 1853882368                                {product} {ergonomic}
   size_t MinHeapDeltaBytes                        = 1048576                                   {product} {ergonomic}
    uintx NonNMethodCodeHeapSize                   = 5835340                                {pd product} {ergonomic}
    uintx NonProfiledCodeHeapSize                  = 122911450                              {pd product} {ergonomic}
    uintx ProfiledCodeHeapSize                     = 122911450                              {pd product} {ergonomic}
    uintx ReservedCodeCacheSize                    = 251658240                              {pd product} {ergonomic}
     bool SegmentedCodeCache                       = true                                      {product} {ergonomic}
     bool UseCompressedClassPointers               = true                                 {lp64_product} {ergonomic}
     bool UseCompressedOops                        = true                                 {lp64_product} {ergonomic}
     bool UseG1GC                                  = true                                      {product} {ergonomic}
     bool UseLargePagesIndividualAllocation        = false                                  {pd product} {ergonomic}

Logging:
Log output configuration:
 #0: stdout all=warning uptime,level,tags
 #1: stderr all=off uptime,level,tags

Environment Variables:
PATH=C:/Program Files/Java/jdk-12/bin/server;C:/Program Files/Java/jdk-12/bin;C:\Program Files (x86)\Common Files\Oracle\Java\javapath;C:\Windows\system32;C:\Windows;C:\Windows\System32\Wbem;C:\Windows\System32\WindowsPowerShell\v1.0\;C:\Windows\System32\OpenSSH\;"C:\Program Files\Intel\WiFi\bin\; C:\setlX";C:\Program Files\Common Files\Intel\WirelessCommon\;C:\Program Files\MiKTeX 2.9\miktex\bin\x64\;C:\Users\yeuga\AppData\Local\Microsoft\WindowsApps;;C:\Windows\system32;
USERNAME=yeuga
OS=Windows_NT
PROCESSOR_IDENTIFIER=AMD64 Family 23 Model 17 Stepping 0, AuthenticAMD



---------------  S Y S T E M  ---------------

OS: Windows 10 , 64 bit Build 17134 (10.0.17134.706)

CPU:total 8 (initial active 8) (8 cores per cpu, 2 threads per core) family 23 model 17 stepping 0, cmov, cx8, fxsr, mmx, sse, sse2, sse3, ssse3, sse4.1, sse4.2, popcnt, avx, avx2, aes, clmul, mmxext, 3dnowpref, lzcnt, sse4a, ht, tsc, tscinvbit, tscinv, bmi1, bmi2, adx, sha, fma

Memory: 4k page, system-wide physical 7069M (1913M free)
TotalPageFile size 17309M (AvailPageFile size 49M)
current process WorkingSet (physical memory assigned to process): 10M, peak: 10M
current process commit charge ("private bytes"): 60M, peak: 172M

vm_info: Java HotSpot(TM) 64-Bit Server VM (11.0.2+9-LTS) for windows-amd64 JRE (11.0.2+9-LTS), built on Jan 18 2019 05:24:10 by "mach5one" with MS VC++ 15.5 (VS2017)

END.
